-encoding
UTF-8
-outxml
-source
1.8
-target
1.8
-classpath
C:\cleared-ws\apps\atlant-taxi\abstract-domain\target\abstract-domain-1.0.0.jar;C:\cleared-ws\apps\atlant-taxi\utils\target\utils-1.0.0.jar;C:\Users\TremlL\.m2\repository\org\springframework\spring-aop\4.0.5.RELEASE\spring-aop-4.0.5.RELEASE.jar;C:\Users\TremlL\.m2\repository\org\hibernate\hibernate-entitymanager\4.3.8.Final\hibernate-entitymanager-4.3.8.Final.jar;C:\Users\TremlL\.m2\repository\org\jboss\logging\jboss-logging\3.1.3.GA\jboss-logging-3.1.3.GA.jar;C:\Users\TremlL\.m2\repository\org\jboss\logging\jboss-logging-annotations\1.2.0.Beta1\jboss-logging-annotations-1.2.0.Beta1.jar;C:\Users\TremlL\.m2\repository\org\hibernate\hibernate-core\4.3.8.Final\hibernate-core-4.3.8.Final.jar;C:\Users\TremlL\.m2\repository\antlr\antlr\2.7.7\antlr-2.7.7.jar;C:\Users\TremlL\.m2\repository\org\jboss\jandex\1.1.0.Final\jandex-1.1.0.Final.jar;C:\Users\TremlL\.m2\repository\dom4j\dom4j\1.6.1\dom4j-1.6.1.jar;C:\Users\TremlL\.m2\repository\xml-apis\xml-apis\1.0.b2\xml-apis-1.0.b2.jar;C:\Users\TremlL\.m2\repository\org\hibernate\common\hibernate-commons-annotations\4.0.5.Final\hibernate-commons-annotations-4.0.5.Final.jar;C:\Users\TremlL\.m2\repository\org\jboss\spec\javax\transaction\jboss-transaction-api_1.2_spec\1.0.0.Final\jboss-transaction-api_1.2_spec-1.0.0.Final.jar;C:\Users\TremlL\.m2\repository\org\javassist\javassist\3.18.1-GA\javassist-3.18.1-GA.jar;C:\Users\TremlL\.m2\repository\org\hibernate\hibernate-validator\5.1.3.Final\hibernate-validator-5.1.3.Final.jar;C:\Users\TremlL\.m2\repository\javax\validation\validation-api\1.1.0.Final\validation-api-1.1.0.Final.jar;C:\Users\TremlL\.m2\repository\com\fasterxml\classmate\1.0.0\classmate-1.0.0.jar;C:\Users\TremlL\.m2\repository\cz\tsystems\common\jpqlfilter\1.1.12-SNAPSHOT\jpqlfilter-1.1.12-SNAPSHOT.jar;C:\Users\TremlL\.m2\repository\opensymphony\ognl\2.6.11\ognl-2.6.11.jar;C:\Users\TremlL\.m2\repository\org\springframework\spring-tx\3.0.6.RELEASE\spring-tx-3.0.6.RELEASE.jar;C:\Users\TremlL\.m2\repository\com\fasterxml\jackson\core\jackson-core\2.5.1\jackson-core-2.5.1.jar;C:\Users\TremlL\.m2\repository\com\fasterxml\jackson\core\jackson-databind\2.5.1\jackson-databind-2.5.1.jar;C:\Users\TremlL\.m2\repository\com\fasterxml\jackson\core\jackson-annotations\2.5.0\jackson-annotations-2.5.0.jar;C:\Users\TremlL\.m2\repository\org\aspectj\aspectjrt\1.8.5\aspectjrt-1.8.5.jar;C:\Users\TremlL\.m2\repository\org\springframework\roo\org.springframework.roo.annotations\1.3.1.RELEASE\org.springframework.roo.annotations-1.3.1.RELEASE.jar;C:\Users\TremlL\.m2\repository\org\apache\commons\commons-lang3\3.1\commons-lang3-3.1.jar;C:\Users\TremlL\.m2\repository\commons-io\commons-io\2.4\commons-io-2.4.jar;C:\Users\TremlL\.m2\repository\commons-codec\commons-codec\1.8\commons-codec-1.8.jar;C:\Users\TremlL\.m2\repository\org\springframework\security\spring-security-web\3.2.6.RELEASE\spring-security-web-3.2.6.RELEASE.jar;C:\Users\TremlL\.m2\repository\org\springframework\spring-context\3.2.8.RELEASE\spring-context-3.2.8.RELEASE.jar;C:\Users\TremlL\.m2\repository\org\springframework\spring-expression\3.2.8.RELEASE\spring-expression-3.2.8.RELEASE.jar;C:\Users\TremlL\.m2\repository\org\springframework\spring-web\3.2.8.RELEASE\spring-web-3.2.8.RELEASE.jar;C:\Users\TremlL\.m2\repository\org\springframework\security\spring-security-config\3.2.6.RELEASE\spring-security-config-3.2.6.RELEASE.jar;C:\Users\TremlL\.m2\repository\org\springframework\security\spring-security-taglibs\3.2.6.RELEASE\spring-security-taglibs-3.2.6.RELEASE.jar;C:\Users\TremlL\.m2\repository\org\springframework\security\spring-security-acl\3.2.6.RELEASE\spring-security-acl-3.2.6.RELEASE.jar;C:\Users\TremlL\.m2\repository\org\springframework\spring-jdbc\3.2.8.RELEASE\spring-jdbc-3.2.8.RELEASE.jar;C:\Users\TremlL\.m2\repository\org\springframework\security\spring-security-core\3.2.6.RELEASE\spring-security-core-3.2.6.RELEASE.jar;C:\Users\TremlL\.m2\repository\org\springframework\spring-aspects\4.0.5.RELEASE\spring-aspects-4.0.5.RELEASE.jar;C:\Users\TremlL\.m2\repository\org\aspectj\aspectjweaver\1.7.4\aspectjweaver-1.7.4.jar;C:\Users\TremlL\.m2\repository\org\hibernate\javax\persistence\hibernate-jpa-2.1-api\1.0.0.Final\hibernate-jpa-2.1-api-1.0.0.Final.jar;C:\Users\TremlL\.m2\repository\ch\qos\logback\logback-core\1.0.9\logback-core-1.0.9.jar;C:\Users\TremlL\.m2\repository\ch\qos\logback\logback-classic\1.0.9\logback-classic-1.0.9.jar;C:\Users\TremlL\.m2\repository\org\slf4j\slf4j-api\1.6.6\slf4j-api-1.6.6.jar;C:\Users\TremlL\.m2\repository\javax\mail\mail\1.4.5\mail-1.4.5.jar;C:\Users\TremlL\.m2\repository\javax\activation\activation\1.1\activation-1.1.jar;C:\Users\TremlL\.m2\repository\commons-logging\commons-logging\1.1.1\commons-logging-1.1.1.jar;C:\Users\TremlL\.m2\repository\org\springframework\spring-context-support\4.0.5.RELEASE\spring-context-support-4.0.5.RELEASE.jar;C:\Users\TremlL\.m2\repository\aopalliance\aopalliance\1.0\aopalliance-1.0.jar;C:\Users\TremlL\.m2\repository\org\springframework\spring-beans\4.0.5.RELEASE\spring-beans-4.0.5.RELEASE.jar;C:\Users\TremlL\.m2\repository\org\springframework\spring-core\4.0.5.RELEASE\spring-core-4.0.5.RELEASE.jar;C:\cleared-ws\apps\atlant-taxi\module-taxi-domain\target\classes
-aspectpath
C:\Users\TremlL\.m2\repository\org\springframework\spring-aspects\4.0.5.RELEASE\spring-aspects-4.0.5.RELEASE.jar;C:\cleared-ws\apps\atlant-taxi\abstract-domain\target\abstract-domain-1.0.0.jar;C:\cleared-ws\apps\atlant-taxi\utils\target\utils-1.0.0.jar
-d
C:\cleared-ws\apps\atlant-taxi\module-taxi-domain\target\classes
C:\cleared-ws\apps\atlant-taxi\module-taxi-domain\src\main\java\com\tmobile\domain\Address.java
C:\cleared-ws\apps\atlant-taxi\module-taxi-domain\src\main\java\com\tmobile\domain\Address_Roo_JavaBean.aj
C:\cleared-ws\apps\atlant-taxi\module-taxi-domain\src\main\java\com\tmobile\domain\Banner.java
C:\cleared-ws\apps\atlant-taxi\module-taxi-domain\src\main\java\com\tmobile\domain\Banner_Roo_Configurable.aj
C:\cleared-ws\apps\atlant-taxi\module-taxi-domain\src\main\java\com\tmobile\domain\Banner_Roo_JavaBean.aj
C:\cleared-ws\apps\atlant-taxi\module-taxi-domain\src\main\java\com\tmobile\domain\Banner_Roo_Jpa_ActiveRecord.aj
C:\cleared-ws\apps\atlant-taxi\module-taxi-domain\src\main\java\com\tmobile\domain\Banner_Roo_Jpa_Entity.aj
C:\cleared-ws\apps\atlant-taxi\module-taxi-domain\src\main\java\com\tmobile\domain\CapacityType.java
C:\cleared-ws\apps\atlant-taxi\module-taxi-domain\src\main\java\com\tmobile\domain\Car.java
C:\cleared-ws\apps\atlant-taxi\module-taxi-domain\src\main\java\com\tmobile\domain\CarLog.java
C:\cleared-ws\apps\atlant-taxi\module-taxi-domain\src\main\java\com\tmobile\domain\CarLog_Roo_Configurable.aj
C:\cleared-ws\apps\atlant-taxi\module-taxi-domain\src\main\java\com\tmobile\domain\CarLog_Roo_JavaBean.aj
C:\cleared-ws\apps\atlant-taxi\module-taxi-domain\src\main\java\com\tmobile\domain\CarLog_Roo_Jpa_ActiveRecord.aj
C:\cleared-ws\apps\atlant-taxi\module-taxi-domain\src\main\java\com\tmobile\domain\CarLog_Roo_Jpa_Entity.aj
C:\cleared-ws\apps\atlant-taxi\module-taxi-domain\src\main\java\com\tmobile\domain\CarUsage.java
C:\cleared-ws\apps\atlant-taxi\module-taxi-domain\src\main\java\com\tmobile\domain\CarUsageState.java
C:\cleared-ws\apps\atlant-taxi\module-taxi-domain\src\main\java\com\tmobile\domain\CarUsage_Roo_Configurable.aj
C:\cleared-ws\apps\atlant-taxi\module-taxi-domain\src\main\java\com\tmobile\domain\CarUsage_Roo_JavaBean.aj
C:\cleared-ws\apps\atlant-taxi\module-taxi-domain\src\main\java\com\tmobile\domain\CarUsage_Roo_Jpa_ActiveRecord.aj
C:\cleared-ws\apps\atlant-taxi\module-taxi-domain\src\main\java\com\tmobile\domain\CarUsage_Roo_Jpa_Entity.aj
C:\cleared-ws\apps\atlant-taxi\module-taxi-domain\src\main\java\com\tmobile\domain\Car_Roo_Configurable.aj
C:\cleared-ws\apps\atlant-taxi\module-taxi-domain\src\main\java\com\tmobile\domain\Car_Roo_JavaBean.aj
C:\cleared-ws\apps\atlant-taxi\module-taxi-domain\src\main\java\com\tmobile\domain\Car_Roo_Jpa_ActiveRecord.aj
C:\cleared-ws\apps\atlant-taxi\module-taxi-domain\src\main\java\com\tmobile\domain\Car_Roo_Jpa_Entity.aj
C:\cleared-ws\apps\atlant-taxi\module-taxi-domain\src\main\java\com\tmobile\domain\ChangeLog.java
C:\cleared-ws\apps\atlant-taxi\module-taxi-domain\src\main\java\com\tmobile\domain\ChangeLog_Roo_Configurable.aj
C:\cleared-ws\apps\atlant-taxi\module-taxi-domain\src\main\java\com\tmobile\domain\ChangeLog_Roo_JavaBean.aj
C:\cleared-ws\apps\atlant-taxi\module-taxi-domain\src\main\java\com\tmobile\domain\ChangeLog_Roo_Jpa_ActiveRecord.aj
C:\cleared-ws\apps\atlant-taxi\module-taxi-domain\src\main\java\com\tmobile\domain\ChangeLog_Roo_Jpa_Entity.aj
C:\cleared-ws\apps\atlant-taxi\module-taxi-domain\src\main\java\com\tmobile\domain\Company.java
C:\cleared-ws\apps\atlant-taxi\module-taxi-domain\src\main\java\com\tmobile\domain\Company_Roo_Configurable.aj
C:\cleared-ws\apps\atlant-taxi\module-taxi-domain\src\main\java\com\tmobile\domain\Company_Roo_JavaBean.aj
C:\cleared-ws\apps\atlant-taxi\module-taxi-domain\src\main\java\com\tmobile\domain\Company_Roo_Jpa_ActiveRecord.aj
C:\cleared-ws\apps\atlant-taxi\module-taxi-domain\src\main\java\com\tmobile\domain\Company_Roo_Jpa_Entity.aj
C:\cleared-ws\apps\atlant-taxi\module-taxi-domain\src\main\java\com\tmobile\domain\Customer.java
C:\cleared-ws\apps\atlant-taxi\module-taxi-domain\src\main\java\com\tmobile\domain\Customer_Roo_Configurable.aj
C:\cleared-ws\apps\atlant-taxi\module-taxi-domain\src\main\java\com\tmobile\domain\Customer_Roo_Finder.aj
C:\cleared-ws\apps\atlant-taxi\module-taxi-domain\src\main\java\com\tmobile\domain\Customer_Roo_JavaBean.aj
C:\cleared-ws\apps\atlant-taxi\module-taxi-domain\src\main\java\com\tmobile\domain\Customer_Roo_Jpa_ActiveRecord.aj
C:\cleared-ws\apps\atlant-taxi\module-taxi-domain\src\main\java\com\tmobile\domain\Customer_Roo_Jpa_Entity.aj
C:\cleared-ws\apps\atlant-taxi\module-taxi-domain\src\main\java\com\tmobile\domain\Dispatcher.java
C:\cleared-ws\apps\atlant-taxi\module-taxi-domain\src\main\java\com\tmobile\domain\Dispatcher_Roo_Configurable.aj
C:\cleared-ws\apps\atlant-taxi\module-taxi-domain\src\main\java\com\tmobile\domain\Dispatcher_Roo_Jpa_ActiveRecord.aj
C:\cleared-ws\apps\atlant-taxi\module-taxi-domain\src\main\java\com\tmobile\domain\Dispatcher_Roo_Jpa_Entity.aj
C:\cleared-ws\apps\atlant-taxi\module-taxi-domain\src\main\java\com\tmobile\domain\Driver.java
C:\cleared-ws\apps\atlant-taxi\module-taxi-domain\src\main\java\com\tmobile\domain\Driver_Roo_Configurable.aj
C:\cleared-ws\apps\atlant-taxi\module-taxi-domain\src\main\java\com\tmobile\domain\Driver_Roo_JavaBean.aj
C:\cleared-ws\apps\atlant-taxi\module-taxi-domain\src\main\java\com\tmobile\domain\Driver_Roo_Jpa_ActiveRecord.aj
C:\cleared-ws\apps\atlant-taxi\module-taxi-domain\src\main\java\com\tmobile\domain\Driver_Roo_Jpa_Entity.aj
C:\cleared-ws\apps\atlant-taxi\module-taxi-domain\src\main\java\com\tmobile\domain\GCoordinate.java
C:\cleared-ws\apps\atlant-taxi\module-taxi-domain\src\main\java\com\tmobile\domain\GCoordinate_Roo_JavaBean.aj
C:\cleared-ws\apps\atlant-taxi\module-taxi-domain\src\main\java\com\tmobile\domain\json\serialization\CapacityTypeDeserializer.java
C:\cleared-ws\apps\atlant-taxi\module-taxi-domain\src\main\java\com\tmobile\domain\json\serialization\OrderStateDeserializer.java
C:\cleared-ws\apps\atlant-taxi\module-taxi-domain\src\main\java\com\tmobile\domain\json\serialization\OrdinalEmumSerializer.java
C:\cleared-ws\apps\atlant-taxi\module-taxi-domain\src\main\java\com\tmobile\domain\Language.java
C:\cleared-ws\apps\atlant-taxi\module-taxi-domain\src\main\java\com\tmobile\domain\Language_Roo_JavaBean.aj
C:\cleared-ws\apps\atlant-taxi\module-taxi-domain\src\main\java\com\tmobile\domain\Order.java
C:\cleared-ws\apps\atlant-taxi\module-taxi-domain\src\main\java\com\tmobile\domain\OrderState.java
C:\cleared-ws\apps\atlant-taxi\module-taxi-domain\src\main\java\com\tmobile\domain\Order_Roo_Configurable.aj
C:\cleared-ws\apps\atlant-taxi\module-taxi-domain\src\main\java\com\tmobile\domain\Order_Roo_JavaBean.aj
C:\cleared-ws\apps\atlant-taxi\module-taxi-domain\src\main\java\com\tmobile\domain\Order_Roo_Jpa_ActiveRecord.aj
C:\cleared-ws\apps\atlant-taxi\module-taxi-domain\src\main\java\com\tmobile\domain\Order_Roo_Jpa_Entity.aj
C:\cleared-ws\apps\atlant-taxi\module-taxi-domain\src\main\java\com\tmobile\domain\OtherUser.java
C:\cleared-ws\apps\atlant-taxi\module-taxi-domain\src\main\java\com\tmobile\domain\OtherUser_Roo_Configurable.aj
C:\cleared-ws\apps\atlant-taxi\module-taxi-domain\src\main\java\com\tmobile\domain\OtherUser_Roo_Jpa_ActiveRecord.aj
C:\cleared-ws\apps\atlant-taxi\module-taxi-domain\src\main\java\com\tmobile\domain\OtherUser_Roo_Jpa_Entity.aj
C:\cleared-ws\apps\atlant-taxi\module-taxi-domain\src\main\java\com\tmobile\domain\PaymentType.java
C:\cleared-ws\apps\atlant-taxi\module-taxi-domain\src\main\java\com\tmobile\domain\Rating.java
C:\cleared-ws\apps\atlant-taxi\module-taxi-domain\src\main\java\com\tmobile\domain\Rating_Roo_Configurable.aj
C:\cleared-ws\apps\atlant-taxi\module-taxi-domain\src\main\java\com\tmobile\domain\Rating_Roo_JavaBean.aj
C:\cleared-ws\apps\atlant-taxi\module-taxi-domain\src\main\java\com\tmobile\domain\Rating_Roo_Jpa_ActiveRecord.aj
C:\cleared-ws\apps\atlant-taxi\module-taxi-domain\src\main\java\com\tmobile\domain\Rating_Roo_Jpa_Entity.aj
C:\cleared-ws\apps\atlant-taxi\module-taxi-domain\src\main\java\com\tmobile\domain\Role.java
C:\cleared-ws\apps\atlant-taxi\module-taxi-domain\src\main\java\com\tmobile\domain\RoleCode.java
C:\cleared-ws\apps\atlant-taxi\module-taxi-domain\src\main\java\com\tmobile\domain\Role_Roo_Configurable.aj
C:\cleared-ws\apps\atlant-taxi\module-taxi-domain\src\main\java\com\tmobile\domain\Role_Roo_Finder.aj
C:\cleared-ws\apps\atlant-taxi\module-taxi-domain\src\main\java\com\tmobile\domain\Role_Roo_JavaBean.aj
C:\cleared-ws\apps\atlant-taxi\module-taxi-domain\src\main\java\com\tmobile\domain\Role_Roo_Jpa_ActiveRecord.aj
C:\cleared-ws\apps\atlant-taxi\module-taxi-domain\src\main\java\com\tmobile\domain\Role_Roo_Jpa_Entity.aj
C:\cleared-ws\apps\atlant-taxi\module-taxi-domain\src\main\java\com\tmobile\domain\service\TaxiUserService.java
C:\cleared-ws\apps\atlant-taxi\module-taxi-domain\src\main\java\com\tmobile\domain\SystemParams.java
C:\cleared-ws\apps\atlant-taxi\module-taxi-domain\src\main\java\com\tmobile\domain\SystemParams_Roo_Configurable.aj
C:\cleared-ws\apps\atlant-taxi\module-taxi-domain\src\main\java\com\tmobile\domain\SystemParams_Roo_JavaBean.aj
C:\cleared-ws\apps\atlant-taxi\module-taxi-domain\src\main\java\com\tmobile\domain\SystemParams_Roo_Jpa_ActiveRecord.aj
C:\cleared-ws\apps\atlant-taxi\module-taxi-domain\src\main\java\com\tmobile\domain\SystemParams_Roo_Jpa_Entity.aj
C:\cleared-ws\apps\atlant-taxi\module-taxi-domain\src\main\java\com\tmobile\domain\Tariff.java
C:\cleared-ws\apps\atlant-taxi\module-taxi-domain\src\main\java\com\tmobile\domain\Tariff_Roo_Configurable.aj
C:\cleared-ws\apps\atlant-taxi\module-taxi-domain\src\main\java\com\tmobile\domain\Tariff_Roo_Finder.aj
C:\cleared-ws\apps\atlant-taxi\module-taxi-domain\src\main\java\com\tmobile\domain\Tariff_Roo_JavaBean.aj
C:\cleared-ws\apps\atlant-taxi\module-taxi-domain\src\main\java\com\tmobile\domain\Tariff_Roo_Jpa_ActiveRecord.aj
C:\cleared-ws\apps\atlant-taxi\module-taxi-domain\src\main\java\com\tmobile\domain\Tariff_Roo_Jpa_Entity.aj
C:\cleared-ws\apps\atlant-taxi\module-taxi-domain\src\main\java\com\tmobile\domain\TxUser.java
C:\cleared-ws\apps\atlant-taxi\module-taxi-domain\src\main\java\com\tmobile\domain\TxUser_Roo_Configurable.aj
C:\cleared-ws\apps\atlant-taxi\module-taxi-domain\src\main\java\com\tmobile\domain\TxUser_Roo_Finder.aj
C:\cleared-ws\apps\atlant-taxi\module-taxi-domain\src\main\java\com\tmobile\domain\TxUser_Roo_JavaBean.aj
C:\cleared-ws\apps\atlant-taxi\module-taxi-domain\src\main\java\com\tmobile\domain\TxUser_Roo_Jpa_ActiveRecord.aj
C:\cleared-ws\apps\atlant-taxi\module-taxi-domain\src\main\java\com\tmobile\domain\TxUser_Roo_Jpa_Entity.aj
C:\cleared-ws\apps\atlant-taxi\module-taxi-domain\src\main\java\com\tmobile\domain\UnfinishedOrderReason.java
C:\cleared-ws\apps\atlant-taxi\module-taxi-domain\src\main\java\com\tmobile\domain\UnfinishedOrderReason_Roo_Configurable.aj
C:\cleared-ws\apps\atlant-taxi\module-taxi-domain\src\main\java\com\tmobile\domain\UnfinishedOrderReason_Roo_JavaBean.aj
C:\cleared-ws\apps\atlant-taxi\module-taxi-domain\src\main\java\com\tmobile\domain\UnfinishedOrderReason_Roo_Jpa_ActiveRecord.aj
C:\cleared-ws\apps\atlant-taxi\module-taxi-domain\src\main\java\com\tmobile\domain\UnfinishedOrderReason_Roo_Jpa_Entity.aj
